<?xml version="1.0" encoding="utf-8"?><testsuites name="pytest tests"><testsuite name="pytest" errors="0" failures="0" skipped="0" tests="10" time="3.719" timestamp="2026-01-16T00:49:38.685168+00:00" hostname="agent-env-f8b8e668-a477-44e3-ad40-86ce0f709790"><testcase classname="tests.test_billing_parties_companies.TestAuth" name="test_admin_login" time="0.574" /><testcase classname="tests.test_billing_parties_companies.TestBillingPartiesCRUD" name="test_create_billing_party" time="0.594" /><testcase classname="tests.test_billing_parties_companies.TestBillingPartiesCRUD" name="test_get_billing_parties" time="0.081" /><testcase classname="tests.test_billing_parties_companies.TestBillingPartiesCRUD" name="test_update_billing_party" time="0.221" /><testcase classname="tests.test_billing_parties_companies.TestBillingPartiesCRUD" name="test_delete_billing_party" time="0.215" /><testcase classname="tests.test_billing_parties_companies.TestCompanyFieldsCRUD" name="test_create_company_with_new_fields" time="0.597" /><testcase classname="tests.test_billing_parties_companies.TestCompanyFieldsCRUD" name="test_get_companies_shows_registration_no" time="0.073" /><testcase classname="tests.test_billing_parties_companies.TestCompanyFieldsCRUD" name="test_update_company_with_new_fields" time="0.147" /><testcase classname="tests.test_billing_parties_companies.TestCompanyFieldsCRUD" name="test_company_fields_persistence" time="0.139" /><testcase classname="tests.test_billing_parties_companies.TestCleanup" name="test_cleanup_test_companies" time="0.808" /></testsuite></testsuites>