<?xml version="1.0" encoding="utf-8"?><testsuites name="pytest tests"><testsuite name="pytest" errors="0" failures="0" skipped="0" tests="15" time="9.822" timestamp="2026-01-03T00:43:02.908200+00:00" hostname="agent-env-033aef32-5cf4-46e1-a329-9b30c88b4237"><testcase classname="tests.test_hr_payroll.TestAuthAndSetup" name="test_admin_login" time="0.750" /><testcase classname="tests.test_hr_payroll.TestAuthAndSetup" name="test_trainer_login" time="0.624" /><testcase classname="tests.test_hr_payroll.TestEAFormsAPI" name="test_get_staff_list" time="0.855" /><testcase classname="tests.test_hr_payroll.TestEAFormsAPI" name="test_get_ea_form_data" time="0.172" /><testcase classname="tests.test_hr_payroll.TestEAFormsAPI" name="test_ea_form_access_denied_for_non_admin" time="0.980" /><testcase classname="tests.test_hr_payroll.TestSelfServicePayrollAPI" name="test_get_my_payslips" time="0.670" /><testcase classname="tests.test_hr_payroll.TestSelfServicePayrollAPI" name="test_get_my_pay_advice" time="0.299" /><testcase classname="tests.test_hr_payroll.TestSelfServicePayrollAPI" name="test_get_my_ea_form" time="0.254" /><testcase classname="tests.test_hr_payroll.TestStatutoryRatesAPI" name="test_get_statutory_rates_epf" time="0.744" /><testcase classname="tests.test_hr_payroll.TestStatutoryRatesAPI" name="test_get_statutory_rates_socso" time="0.159" /><testcase classname="tests.test_hr_payroll.TestStatutoryRatesAPI" name="test_get_statutory_rates_eis" time="0.081" /><testcase classname="tests.test_hr_payroll.TestStatutoryRatesAPI" name="test_download_template_epf" time="2.393" /><testcase classname="tests.test_hr_payroll.TestStatutoryRatesAPI" name="test_download_template_socso" time="0.103" /><testcase classname="tests.test_hr_payroll.TestStatutoryRatesAPI" name="test_download_template_eis" time="0.197" /><testcase classname="tests.test_hr_payroll.TestCompanySettings" name="test_get_company_settings" time="0.792" /></testsuite></testsuites>