<?xml version="1.0" encoding="utf-8"?><testsuites name="pytest tests"><testsuite name="pytest" errors="0" failures="3" skipped="0" tests="22" time="12.802" timestamp="2026-01-03T03:54:34.933676+00:00" hostname="agent-env-033aef32-5cf4-46e1-a329-9b30c88b4237"><testcase classname="tests.test_iteration8_focused.TestPartATrainerChecklistAccess" name="test_01_trainer_vijay_login" time="0.691" /><testcase classname="tests.test_iteration8_focused.TestPartATrainerChecklistAccess" name="test_02_trainer_vijay_can_see_session" time="0.547" /><testcase classname="tests.test_iteration8_focused.TestPartATrainerChecklistAccess" name="test_03_trainer_vijay_get_assigned_participants" time="0.545" /><testcase classname="tests.test_iteration8_focused.TestPartATrainerChecklistAccess" name="test_04_trainer_thinagaran_login" time="0.503" /><testcase classname="tests.test_iteration8_focused.TestPartATrainerChecklistAccess" name="test_05_trainer_thinagaran_get_assigned_participants" time="0.533" /><testcase classname="tests.test_iteration8_focused.TestPartATrainerChecklistAccess" name="test_06_trainer_hisam_login" time="0.436" /><testcase classname="tests.test_iteration8_focused.TestPartATrainerChecklistAccess" name="test_07_trainer_hisam_get_assigned_participants" time="0.521" /><testcase classname="tests.test_iteration8_focused.TestPartATrainerChecklistAccess" name="test_08_trainer_submit_checklist" time="0.675"><failure message="assert 422 == 200&#10; +  where 422 = &lt;Response [422]&gt;.status_code">tests/test_iteration8_focused.py:165: in test_08_trainer_submit_checklist
    assert response.status_code == 200
E   assert 422 == 200
E    +  where 422 = &lt;Response [422]&gt;.status_code</failure></testcase><testcase classname="tests.test_iteration8_focused.TestPartBParticipantViewChecklist" name="test_01_participant_login" time="0.672" /><testcase classname="tests.test_iteration8_focused.TestPartBParticipantViewChecklist" name="test_02_participant_view_own_checklist" time="1.041" /><testcase classname="tests.test_iteration8_focused.TestPartCSupervisorReportAccess" name="test_01_supervisor_login" time="0.447" /><testcase classname="tests.test_iteration8_focused.TestPartCSupervisorReportAccess" name="test_02_supervisor_view_sessions" time="0.576" /><testcase classname="tests.test_iteration8_focused.TestPartCSupervisorReportAccess" name="test_03_supervisor_view_training_report_sessions" time="0.497"><failure message="assert 403 == 200&#10; +  where 403 = &lt;Response [403]&gt;.status_code">tests/test_iteration8_focused.py:255: in test_03_supervisor_view_training_report_sessions
    assert response.status_code == 200
E   assert 403 == 200
E    +  where 403 = &lt;Response [403]&gt;.status_code</failure></testcase><testcase classname="tests.test_iteration8_focused.TestPartCSupervisorReportAccess" name="test_04_supervisor_view_session_attendance" time="0.516" /><testcase classname="tests.test_iteration8_focused.TestPartDPayrollVerification" name="test_01_admin_login" time="0.434" /><testcase classname="tests.test_iteration8_focused.TestPartDPayrollVerification" name="test_02_get_hr_staff" time="0.517" /><testcase classname="tests.test_iteration8_focused.TestPartDPayrollVerification" name="test_03_get_payslips" time="0.512" /><testcase classname="tests.test_iteration8_focused.TestPartDPayrollVerification" name="test_04_get_pay_advice" time="0.508" /><testcase classname="tests.test_iteration8_focused.TestPartDPayrollVerification" name="test_05_verify_session_costing" time="0.550"><failure message="AssertionError: Trainer fee mismatch: 0 != 1500&#10;assert 0 == 1500">tests/test_iteration8_focused.py:366: in test_05_verify_session_costing
    assert trainer_fee == 1500, f"Trainer fee mismatch: {trainer_fee} != 1500"
E   AssertionError: Trainer fee mismatch: 0 != 1500
E   assert 0 == 1500</failure></testcase><testcase classname="tests.test_iteration8_focused.TestPartDPayrollVerification" name="test_06_get_trainer_fees_payables" time="0.505" /><testcase classname="tests.test_iteration8_focused.TestPartDPayrollVerification" name="test_07_get_coordinator_fees_payables" time="0.510" /><testcase classname="tests.test_iteration8_focused.TestPartDPayrollVerification" name="test_08_get_payroll_periods" time="0.612" /></testsuite></testsuites>