<?xml version="1.0" encoding="utf-8"?><testsuites name="pytest tests"><testsuite name="pytest" errors="0" failures="0" skipped="1" tests="22" time="40.607" timestamp="2026-01-03T02:41:54.362437+00:00" hostname="agent-env-033aef32-5cf4-46e1-a329-9b30c88b4237"><testcase classname="tests.test_phase2_participant_flows.TestPhase2Setup" name="test_backend_health" time="0.098" /><testcase classname="tests.test_phase2_participant_flows.TestPhase2Setup" name="test_session_exists" time="0.484" /><testcase classname="tests.test_phase2_participant_flows.TestParticipantLogin" name="test_participant_1_login" time="0.394" /><testcase classname="tests.test_phase2_participant_flows.TestParticipantLogin" name="test_all_participants_can_login" time="6.444" /><testcase classname="tests.test_phase2_participant_flows.TestIndemnityFlow" name="test_sign_indemnity_participant_1" time="0.541" /><testcase classname="tests.test_phase2_participant_flows.TestIndemnityFlow" name="test_sign_indemnity_all_present_participants" time="6.154" /><testcase classname="tests.test_phase2_participant_flows.TestVehicleDetails" name="test_submit_vehicle_details_participant_1" time="0.468" /><testcase classname="tests.test_phase2_participant_flows.TestVehicleDetails" name="test_submit_vehicle_details_all_present_participants" time="6.605" /><testcase classname="tests.test_phase2_participant_flows.TestClockIn" name="test_clock_in_participant_1" time="0.485" /><testcase classname="tests.test_phase2_participant_flows.TestClockIn" name="test_clock_in_all_present_participants" time="6.485" /><testcase classname="tests.test_phase2_participant_flows.TestCoordinatorAttendance" name="test_coordinator_login" time="0.407" /><testcase classname="tests.test_phase2_participant_flows.TestCoordinatorAttendance" name="test_view_attendance_list" time="0.461" /><testcase classname="tests.test_phase2_participant_flows.TestCoordinatorAttendance" name="test_mark_participants_14_15_absent" time="0.691" /><testcase classname="tests.test_phase2_participant_flows.TestCoordinatorAttendance" name="test_mark_participants_1_13_present" time="1.691" /><testcase classname="tests.test_phase2_participant_flows.TestPreTestRelease" name="test_release_pre_test" time="0.469" /><testcase classname="tests.test_phase2_participant_flows.TestPreTestRelease" name="test_verify_pre_test_available" time="0.909" /><testcase classname="tests.test_phase2_participant_flows.TestPreTestCompletion" name="test_complete_pre_test_participant_1_fail" time="0.465"><skipped type="pytest.skip" message="Pre-test not found in available tests">/app/tests/test_phase2_participant_flows.py:523: Pre-test not found in available tests</skipped></testcase><testcase classname="tests.test_phase2_participant_flows.TestPreTestCompletion" name="test_complete_pre_test_participants_2_10_fail" time="4.825" /><testcase classname="tests.test_phase2_participant_flows.TestPreTestCompletion" name="test_complete_pre_test_participants_11_13_pass" time="1.438" /><testcase classname="tests.test_phase2_participant_flows.TestVerifyResults" name="test_verify_attendance_status" time="0.470" /><testcase classname="tests.test_phase2_participant_flows.TestVerifyResults" name="test_verify_pre_test_results" time="0.466" /><testcase classname="tests.test_phase2_participant_flows.TestVerifyResults" name="test_print_phase2_summary" time="0.001" /></testsuite></testsuites>