<?xml version="1.0" encoding="utf-8"?><testsuites name="pytest tests"><testsuite name="pytest" errors="0" failures="0" skipped="0" tests="18" time="17.884" timestamp="2026-01-03T03:06:03.255442+00:00" hostname="agent-env-033aef32-5cf4-46e1-a329-9b30c88b4237"><testcase classname="tests.test_phase3_trainer_posttest_feedback.TestPhase3ATrainerChecklists" name="test_01_trainer_vijay_login" time="0.449" /><testcase classname="tests.test_phase3_trainer_posttest_feedback.TestPhase3ATrainerChecklists" name="test_02_trainer_vijay_get_assigned_participants" time="0.524" /><testcase classname="tests.test_phase3_trainer_posttest_feedback.TestPhase3ATrainerChecklists" name="test_03_trainer_vijay_submit_checklists" time="0.964" /><testcase classname="tests.test_phase3_trainer_posttest_feedback.TestPhase3ATrainerChecklists" name="test_04_trainer_thinagaran_submit_checklists" time="0.848" /><testcase classname="tests.test_phase3_trainer_posttest_feedback.TestPhase3ATrainerChecklists" name="test_05_trainer_hisam_submit_checklists" time="0.822" /><testcase classname="tests.test_phase3_trainer_posttest_feedback.TestPhase3ATrainerChecklists" name="test_06_coordinator_view_all_checklists" time="0.477" /><testcase classname="tests.test_phase3_trainer_posttest_feedback.TestPhase3BPostTest" name="test_01_coordinator_release_post_test" time="0.472" /><testcase classname="tests.test_phase3_trainer_posttest_feedback.TestPhase3BPostTest" name="test_02_verify_post_test_available" time="0.477" /><testcase classname="tests.test_phase3_trainer_posttest_feedback.TestPhase3BPostTest" name="test_03_submit_post_tests_12_pass_1_fail" time="1.466" /><testcase classname="tests.test_phase3_trainer_posttest_feedback.TestPhase3BPostTest" name="test_04_verify_post_test_results_coordinator" time="0.943" /><testcase classname="tests.test_phase3_trainer_posttest_feedback.TestPhase3CFeedback" name="test_01_coordinator_release_feedback" time="0.484" /><testcase classname="tests.test_phase3_trainer_posttest_feedback.TestPhase3CFeedback" name="test_02_participants_submit_feedback" time="6.228" /><testcase classname="tests.test_phase3_trainer_posttest_feedback.TestPhase3CFeedback" name="test_03_coordinator_view_feedback" time="0.515" /><testcase classname="tests.test_phase3_trainer_posttest_feedback.TestPhase3DChiefTrainerCoordinatorFeedback" name="test_01_chief_trainer_submit_feedback" time="0.516" /><testcase classname="tests.test_phase3_trainer_posttest_feedback.TestPhase3DChiefTrainerCoordinatorFeedback" name="test_02_coordinator_submit_feedback" time="0.539" /><testcase classname="tests.test_phase3_trainer_posttest_feedback.TestPhase3DChiefTrainerCoordinatorFeedback" name="test_03_verify_chief_trainer_feedback" time="0.510" /><testcase classname="tests.test_phase3_trainer_posttest_feedback.TestPhase3DChiefTrainerCoordinatorFeedback" name="test_04_verify_coordinator_feedback" time="0.846" /><testcase classname="tests.test_phase3_trainer_posttest_feedback.TestPhase3SessionStatus" name="test_01_session_status" time="0.576" /></testsuite></testsuites>