<?xml version="1.0" encoding="utf-8"?><testsuites name="pytest tests"><testsuite name="pytest" errors="0" failures="2" skipped="0" tests="25" time="8.393" timestamp="2026-01-03T03:15:12.754996+00:00" hostname="agent-env-033aef32-5cf4-46e1-a329-9b30c88b4237"><testcase classname="tests.test_phase4_final.TestAuth" name="test_all_logins" time="2.467" /><testcase classname="tests.test_phase4_final.TestPartA_ReportAndSessionClosure" name="test_1_get_session_status" time="0.504" /><testcase classname="tests.test_phase4_final.TestPartA_ReportAndSessionClosure" name="test_2_check_existing_report" time="0.064" /><testcase classname="tests.test_phase4_final.TestPartA_ReportAndSessionClosure" name="test_3_generate_report" time="0.101"><failure message="assert 520 in [200, 201, 400]&#10; +  where 520 = &lt;Response [520]&gt;.status_code">tests/test_phase4_final.py:104: in test_3_generate_report
    assert response.status_code in [200, 201, 400]
E   assert 520 in [200, 201, 400]
E    +  where 520 = &lt;Response [520]&gt;.status_code</failure></testcase><testcase classname="tests.test_phase4_final.TestPartA_ReportAndSessionClosure" name="test_4_get_completion_checklist" time="0.070" /><testcase classname="tests.test_phase4_final.TestPartA_ReportAndSessionClosure" name="test_5_mark_session_completed" time="0.067" /><testcase classname="tests.test_phase4_final.TestPartA_ReportAndSessionClosure" name="test_6_supervisor_can_view_session" time="0.470" /><testcase classname="tests.test_phase4_final.TestPartB_FinanceInvoiceFlow" name="test_1_get_invoices" time="0.470" /><testcase classname="tests.test_phase4_final.TestPartB_FinanceInvoiceFlow" name="test_2_get_session_invoice" time="0.146" /><testcase classname="tests.test_phase4_final.TestPartB_FinanceInvoiceFlow" name="test_3_issue_invoice_if_needed" time="0.210" /><testcase classname="tests.test_phase4_final.TestPartB_FinanceInvoiceFlow" name="test_4_record_payment_CRITICAL" time="0.201"><failure message="AssertionError: Payment recording failed: Internal Server Error&#10;assert 520 in [200, 201]&#10; +  where 520 = &lt;Response [520]&gt;.status_code">tests/test_phase4_final.py:303: in test_4_record_payment_CRITICAL
    assert payment_resp.status_code in [200, 201], f"Payment recording failed: {payment_resp.text}"
E   AssertionError: Payment recording failed: Internal Server Error
E   assert 520 in [200, 201]
E    +  where 520 = &lt;Response [520]&gt;.status_code</failure></testcase><testcase classname="tests.test_phase4_final.TestPartC_ProfitLoss" name="test_1_get_profit_loss" time="0.515" /><testcase classname="tests.test_phase4_final.TestPartC_ProfitLoss" name="test_2_get_finance_dashboard" time="0.083" /><testcase classname="tests.test_phase4_final.TestPartD_PettyCash" name="test_1_get_petty_cash_settings" time="0.492" /><testcase classname="tests.test_phase4_final.TestPartD_PettyCash" name="test_2_setup_petty_cash_if_needed" time="0.073" /><testcase classname="tests.test_phase4_final.TestPartD_PettyCash" name="test_3_add_petty_cash_expense" time="0.074" /><testcase classname="tests.test_phase4_final.TestPartD_PettyCash" name="test_4_get_petty_cash_transactions" time="0.072" /><testcase classname="tests.test_phase4_final.TestPartD_PettyCash" name="test_5_get_petty_cash_summary" time="0.077" /><testcase classname="tests.test_phase4_final.TestPartE_Payroll" name="test_1_get_hr_staff" time="0.494" /><testcase classname="tests.test_phase4_final.TestPartE_Payroll" name="test_2_get_payslips" time="0.073" /><testcase classname="tests.test_phase4_final.TestPartE_Payroll" name="test_3_get_pay_advice" time="0.202" /><testcase classname="tests.test_phase4_final.TestPartE_Payroll" name="test_4_get_payroll_periods" time="0.307" /><testcase classname="tests.test_phase4_final.TestPartE_Payroll" name="test_5_check_user_payslips" time="0.068" /><testcase classname="tests.test_phase4_final.TestSessionDetails" name="test_get_session_details" time="0.508" /><testcase classname="tests.test_phase4_final.TestSessionDetails" name="test_get_results_summary" time="0.129" /></testsuite></testsuites>