<?xml version="1.0" encoding="utf-8"?><testsuites name="pytest tests"><testsuite name="pytest" errors="0" failures="0" skipped="0" tests="11" time="12.028" timestamp="2026-01-03T02:33:15.903792+00:00" hostname="agent-env-033aef32-5cf4-46e1-a329-9b30c88b4237"><testcase classname="tests.test_phase1_setup.TestPhase1Setup" name="test_admin_login" time="1.683" /><testcase classname="tests.test_phase1_setup.TestPhase1Setup" name="test_asst_admin_login" time="1.076" /><testcase classname="tests.test_phase1_setup.TestPhase1Setup" name="test_get_programs" time="0.295" /><testcase classname="tests.test_phase1_setup.TestPhase1Setup" name="test_get_companies" time="0.691" /><testcase classname="tests.test_phase1_setup.TestPhase1Setup" name="test_get_sessions" time="0.799" /><testcase classname="tests.test_phase1_setup.TestPhase1Setup" name="test_get_users" time="0.404" /><testcase classname="tests.test_phase1_setup.TestPhase1BContentUpload" name="test_add_test_questions" time="2.381" /><testcase classname="tests.test_phase1_setup.TestPhase1BContentUpload" name="test_add_checklist_items" time="0.195" /><testcase classname="tests.test_phase1_setup.TestPhase1BContentUpload" name="test_add_feedback_questions" time="0.433" /><testcase classname="tests.test_phase1_setup.TestPhase1CParticipants" name="test_add_participants_individually" time="3.006" /><testcase classname="tests.test_phase1_setup.TestPhase1CParticipants" name="test_verify_participants" time="0.270" /></testsuite></testsuites>