<?xml version="1.0" encoding="utf-8"?><testsuites name="pytest tests"><testsuite name="pytest" errors="0" failures="2" skipped="1" tests="22" time="75.946" timestamp="2026-01-03T02:38:07.945574+00:00" hostname="agent-env-033aef32-5cf4-46e1-a329-9b30c88b4237"><testcase classname="tests.test_phase2_participant_flows.TestPhase2Setup" name="test_backend_health" time="0.169" /><testcase classname="tests.test_phase2_participant_flows.TestPhase2Setup" name="test_session_exists" time="1.569" /><testcase classname="tests.test_phase2_participant_flows.TestParticipantLogin" name="test_participant_1_login" time="1.235" /><testcase classname="tests.test_phase2_participant_flows.TestParticipantLogin" name="test_all_participants_can_login" time="14.929" /><testcase classname="tests.test_phase2_participant_flows.TestIndemnityFlow" name="test_sign_indemnity_participant_1" time="1.624" /><testcase classname="tests.test_phase2_participant_flows.TestIndemnityFlow" name="test_sign_indemnity_all_present_participants" time="15.388" /><testcase classname="tests.test_phase2_participant_flows.TestVehicleDetails" name="test_submit_vehicle_details_participant_1" time="0.856" /><testcase classname="tests.test_phase2_participant_flows.TestVehicleDetails" name="test_submit_vehicle_details_all_present_participants" time="10.995" /><testcase classname="tests.test_phase2_participant_flows.TestClockIn" name="test_clock_in_participant_1" time="1.127" /><testcase classname="tests.test_phase2_participant_flows.TestClockIn" name="test_clock_in_all_present_participants" time="10.566" /><testcase classname="tests.test_phase2_participant_flows.TestCoordinatorAttendance" name="test_coordinator_login" time="0.576" /><testcase classname="tests.test_phase2_participant_flows.TestCoordinatorAttendance" name="test_view_attendance_list" time="0.703" /><testcase classname="tests.test_phase2_participant_flows.TestCoordinatorAttendance" name="test_mark_participants_14_15_absent" time="0.848"><failure message="assert 403 == 200&#10; +  where 403 = &lt;Response [403]&gt;.status_code">tests/test_phase2_participant_flows.py:376: in test_mark_participants_14_15_absent
    assert response.status_code == 200
E   assert 403 == 200
E    +  where 403 = &lt;Response [403]&gt;.status_code</failure></testcase><testcase classname="tests.test_phase2_participant_flows.TestCoordinatorAttendance" name="test_mark_participants_1_13_present" time="0.926"><failure message="assert 403 == 200&#10; +  where 403 = &lt;Response [403]&gt;.status_code">tests/test_phase2_participant_flows.py:405: in test_mark_participants_1_13_present
    assert response.status_code == 200
E   assert 403 == 200
E    +  where 403 = &lt;Response [403]&gt;.status_code</failure></testcase><testcase classname="tests.test_phase2_participant_flows.TestPreTestRelease" name="test_release_pre_test" time="1.144" /><testcase classname="tests.test_phase2_participant_flows.TestPreTestRelease" name="test_verify_pre_test_available" time="1.341" /><testcase classname="tests.test_phase2_participant_flows.TestPreTestCompletion" name="test_complete_pre_test_participant_1_fail" time="0.637"><skipped type="pytest.skip" message="Pre-test not found in available tests">/app/tests/test_phase2_participant_flows.py:507: Pre-test not found in available tests</skipped></testcase><testcase classname="tests.test_phase2_participant_flows.TestPreTestCompletion" name="test_complete_pre_test_participants_2_10_fail" time="5.706" /><testcase classname="tests.test_phase2_participant_flows.TestPreTestCompletion" name="test_complete_pre_test_participants_11_13_pass" time="3.263" /><testcase classname="tests.test_phase2_participant_flows.TestVerifyResults" name="test_verify_attendance_status" time="0.658" /><testcase classname="tests.test_phase2_participant_flows.TestVerifyResults" name="test_verify_pre_test_results" time="0.751" /><testcase classname="tests.test_phase2_participant_flows.TestVerifyResults" name="test_print_phase2_summary" time="0.001" /></testsuite></testsuites>