<?xml version="1.0" encoding="utf-8"?><testsuites name="pytest tests"><testsuite name="pytest" errors="0" failures="0" skipped="1" tests="22" time="41.222" timestamp="2026-01-03T02:57:25.947304+00:00" hostname="agent-env-033aef32-5cf4-46e1-a329-9b30c88b4237"><testcase classname="tests.test_phase2_participant_flows.TestPhase2Setup" name="test_backend_health" time="0.094" /><testcase classname="tests.test_phase2_participant_flows.TestPhase2Setup" name="test_session_exists" time="0.481" /><testcase classname="tests.test_phase2_participant_flows.TestParticipantLogin" name="test_participant_1_login" time="0.406" /><testcase classname="tests.test_phase2_participant_flows.TestParticipantLogin" name="test_all_participants_can_login" time="6.481" /><testcase classname="tests.test_phase2_participant_flows.TestIndemnityFlow" name="test_sign_indemnity_participant_1" time="0.538" /><testcase classname="tests.test_phase2_participant_flows.TestIndemnityFlow" name="test_sign_indemnity_all_present_participants" time="7.100" /><testcase classname="tests.test_phase2_participant_flows.TestVehicleDetails" name="test_submit_vehicle_details_participant_1" time="0.502" /><testcase classname="tests.test_phase2_participant_flows.TestVehicleDetails" name="test_submit_vehicle_details_all_present_participants" time="6.522" /><testcase classname="tests.test_phase2_participant_flows.TestClockIn" name="test_clock_in_participant_1" time="0.609" /><testcase classname="tests.test_phase2_participant_flows.TestClockIn" name="test_clock_in_all_present_participants" time="6.440" /><testcase classname="tests.test_phase2_participant_flows.TestCoordinatorAttendance" name="test_coordinator_login" time="0.450" /><testcase classname="tests.test_phase2_participant_flows.TestCoordinatorAttendance" name="test_view_attendance_list" time="0.475" /><testcase classname="tests.test_phase2_participant_flows.TestCoordinatorAttendance" name="test_mark_participants_14_15_absent" time="0.676" /><testcase classname="tests.test_phase2_participant_flows.TestCoordinatorAttendance" name="test_mark_participants_1_13_present" time="1.511" /><testcase classname="tests.test_phase2_participant_flows.TestPreTestRelease" name="test_release_pre_test" time="0.474" /><testcase classname="tests.test_phase2_participant_flows.TestPreTestRelease" name="test_verify_pre_test_available" time="0.885" /><testcase classname="tests.test_phase2_participant_flows.TestPreTestCompletion" name="test_complete_pre_test_participant_1_fail" time="0.735"><skipped type="pytest.skip" message="Pre-test not found in available tests">/app/tests/test_phase2_participant_flows.py:523: Pre-test not found in available tests</skipped></testcase><testcase classname="tests.test_phase2_participant_flows.TestPreTestCompletion" name="test_complete_pre_test_participants_2_10_fail" time="4.321" /><testcase classname="tests.test_phase2_participant_flows.TestPreTestCompletion" name="test_complete_pre_test_participants_11_13_pass" time="1.413" /><testcase classname="tests.test_phase2_participant_flows.TestVerifyResults" name="test_verify_attendance_status" time="0.472" /><testcase classname="tests.test_phase2_participant_flows.TestVerifyResults" name="test_verify_pre_test_results" time="0.473" /><testcase classname="tests.test_phase2_participant_flows.TestVerifyResults" name="test_print_phase2_summary" time="0.001" /></testsuite></testsuites>