<?xml version="1.0" encoding="utf-8"?><testsuites name="pytest tests"><testsuite name="pytest" errors="0" failures="0" skipped="0" tests="21" time="11.348" timestamp="2026-01-03T01:39:17.865932+00:00" hostname="agent-env-033aef32-5cf4-46e1-a329-9b30c88b4237"><testcase classname="tests.test_pl_petty_cash.TestAuth" name="test_admin_login" time="0.477" /><testcase classname="tests.test_pl_petty_cash.TestProfitLossLedger" name="test_get_profit_loss_report" time="0.496" /><testcase classname="tests.test_pl_petty_cash.TestProfitLossLedger" name="test_add_manual_income" time="0.506" /><testcase classname="tests.test_pl_petty_cash.TestProfitLossLedger" name="test_get_manual_income" time="0.742" /><testcase classname="tests.test_pl_petty_cash.TestProfitLossLedger" name="test_add_manual_expense" time="0.498" /><testcase classname="tests.test_pl_petty_cash.TestProfitLossLedger" name="test_get_manual_expenses" time="0.538" /><testcase classname="tests.test_pl_petty_cash.TestProfitLossLedger" name="test_delete_manual_income" time="0.551" /><testcase classname="tests.test_pl_petty_cash.TestProfitLossLedger" name="test_delete_manual_expense" time="0.556" /><testcase classname="tests.test_pl_petty_cash.TestPettyCash" name="test_get_petty_cash_settings" time="0.474" /><testcase classname="tests.test_pl_petty_cash.TestPettyCash" name="test_setup_petty_cash" time="0.493" /><testcase classname="tests.test_pl_petty_cash.TestPettyCash" name="test_add_expense_under_threshold_auto_approved" time="0.467" /><testcase classname="tests.test_pl_petty_cash.TestPettyCash" name="test_add_expense_over_threshold_requires_approval" time="0.483" /><testcase classname="tests.test_pl_petty_cash.TestPettyCash" name="test_get_transactions" time="0.484" /><testcase classname="tests.test_pl_petty_cash.TestPettyCash" name="test_approve_pending_transaction" time="0.549" /><testcase classname="tests.test_pl_petty_cash.TestPettyCash" name="test_reject_pending_transaction" time="0.702" /><testcase classname="tests.test_pl_petty_cash.TestPettyCash" name="test_topup_cash" time="0.479" /><testcase classname="tests.test_pl_petty_cash.TestPettyCash" name="test_reconcile_balance" time="0.617" /><testcase classname="tests.test_pl_petty_cash.TestPettyCash" name="test_get_reconciliation_history" time="0.472" /><testcase classname="tests.test_pl_petty_cash.TestPettyCash" name="test_get_summary_by_category" time="0.479" /><testcase classname="tests.test_pl_petty_cash.TestCleanup" name="test_cleanup_test_income" time="0.492" /><testcase classname="tests.test_pl_petty_cash.TestCleanup" name="test_cleanup_test_expenses" time="0.475" /></testsuite></testsuites>